<?xml version="1.0" encoding="UTF-8"?>
<testsuite xmlns:xsi="http://www.w3.org/2001/XMLSchema-instance" xsi:noNamespaceSchemaLocation="https://maven.apache.org/surefire/maven-surefire-plugin/xsd/surefire-test-report-3.0.xsd" version="3.0" name="com.e1000son.flightreservation.FlightReservationApplicationTests" time="11.03" tests="1" errors="0" skipped="0" failures="0">
  <properties>
    <property name="java.specification.version" value="19"/>
    <property name="sun.jnu.encoding" value="UTF-8"/>
    <property name="java.class.path" value="/Users/e1000son/Dropbox/Mine/03. Empresas/00. e1000son/01. 2023/Flight-Reservation-App/flight-reservation/target/test-classes:/Users/e1000son/Dropbox/Mine/03. Empresas/00. e1000son/01. 2023/Flight-Reservation-App/flight-reservation/target/classes:/Users/e1000son/.m2/repository/org/springframework/boot/spring-boot-starter-data-jpa/3.1.5/spring-boot-starter-data-jpa-3.1.5.jar:/Users/e1000son/.m2/repository/org/springframework/boot/spring-boot-starter-aop/3.1.5/spring-boot-starter-aop-3.1.5.jar:/Users/e1000son/.m2/repository/org/springframework/spring-aop/6.0.13/spring-aop-6.0.13.jar:/Users/e1000son/.m2/repository/org/aspectj/aspectjweaver/1.9.20/aspectjweaver-1.9.20.jar:/Users/e1000son/.m2/repository/org/springframework/boot/spring-boot-starter-jdbc/3.1.5/spring-boot-starter-jdbc-3.1.5.jar:/Users/e1000son/.m2/repository/com/zaxxer/HikariCP/5.0.1/HikariCP-5.0.1.jar:/Users/e1000son/.m2/repository/org/springframework/spring-jdbc/6.0.13/spring-jdbc-6.0.13.jar:/Users/e1000son/.m2/repository/org/hibernate/orm/hibernate-core/6.2.13.Final/hibernate-core-6.2.13.Final.jar:/Users/e1000son/.m2/repository/jakarta/persistence/jakarta.persistence-api/3.1.0/jakarta.persistence-api-3.1.0.jar:/Users/e1000son/.m2/repository/jakarta/transaction/jakarta.transaction-api/2.0.1/jakarta.transaction-api-2.0.1.jar:/Users/e1000son/.m2/repository/org/jboss/logging/jboss-logging/3.5.3.Final/jboss-logging-3.5.3.Final.jar:/Users/e1000son/.m2/repository/org/hibernate/common/hibernate-commons-annotations/6.0.6.Final/hibernate-commons-annotations-6.0.6.Final.jar:/Users/e1000son/.m2/repository/io/smallrye/jandex/3.0.5/jandex-3.0.5.jar:/Users/e1000son/.m2/repository/com/fasterxml/classmate/1.5.1/classmate-1.5.1.jar:/Users/e1000son/.m2/repository/net/bytebuddy/byte-buddy/1.14.9/byte-buddy-1.14.9.jar:/Users/e1000son/.m2/repository/org/glassfish/jaxb/jaxb-runtime/4.0.3/jaxb-runtime-4.0.3.jar:/Users/e1000son/.m2/repository/org/glassfish/jaxb/jaxb-core/4.0.3/jaxb-core-4.0.3.jar:/Users/e1000son/.m2/repository/org/glassfish/jaxb/txw2/4.0.3/txw2-4.0.3.jar:/Users/e1000son/.m2/repository/com/sun/istack/istack-commons-runtime/4.1.2/istack-commons-runtime-4.1.2.jar:/Users/e1000son/.m2/repository/jakarta/inject/jakarta.inject-api/2.0.1/jakarta.inject-api-2.0.1.jar:/Users/e1000son/.m2/repository/org/antlr/antlr4-runtime/4.10.1/antlr4-runtime-4.10.1.jar:/Users/e1000son/.m2/repository/org/springframework/data/spring-data-jpa/3.1.5/spring-data-jpa-3.1.5.jar:/Users/e1000son/.m2/repository/org/springframework/data/spring-data-commons/3.1.5/spring-data-commons-3.1.5.jar:/Users/e1000son/.m2/repository/org/springframework/spring-orm/6.0.13/spring-orm-6.0.13.jar:/Users/e1000son/.m2/repository/org/springframework/spring-context/6.0.13/spring-context-6.0.13.jar:/Users/e1000son/.m2/repository/org/springframework/spring-tx/6.0.13/spring-tx-6.0.13.jar:/Users/e1000son/.m2/repository/org/springframework/spring-beans/6.0.13/spring-beans-6.0.13.jar:/Users/e1000son/.m2/repository/jakarta/annotation/jakarta.annotation-api/2.1.1/jakarta.annotation-api-2.1.1.jar:/Users/e1000son/.m2/repository/org/slf4j/slf4j-api/2.0.9/slf4j-api-2.0.9.jar:/Users/e1000son/.m2/repository/org/springframework/spring-aspects/6.0.13/spring-aspects-6.0.13.jar:/Users/e1000son/.m2/repository/org/springframework/boot/spring-boot-starter-thymeleaf/3.1.5/spring-boot-starter-thymeleaf-3.1.5.jar:/Users/e1000son/.m2/repository/org/springframework/boot/spring-boot-starter/3.1.5/spring-boot-starter-3.1.5.jar:/Users/e1000son/.m2/repository/org/springframework/boot/spring-boot/3.1.5/spring-boot-3.1.5.jar:/Users/e1000son/.m2/repository/org/springframework/boot/spring-boot-autoconfigure/3.1.5/spring-boot-autoconfigure-3.1.5.jar:/Users/e1000son/.m2/repository/org/springframework/boot/spring-boot-starter-logging/3.1.5/spring-boot-starter-logging-3.1.5.jar:/Users/e1000son/.m2/repository/ch/qos/logback/logback-classic/1.4.11/logback-classic-1.4.11.jar:/Users/e1000son/.m2/repository/ch/qos/logback/logback-core/1.4.11/logback-core-1.4.11.jar:/Users/e1000son/.m2/repository/org/apache/logging/log4j/log4j-to-slf4j/2.20.0/log4j-to-slf4j-2.20.0.jar:/Users/e1000son/.m2/repository/org/apache/logging/log4j/log4j-api/2.20.0/log4j-api-2.20.0.jar:/Users/e1000son/.m2/repository/org/slf4j/jul-to-slf4j/2.0.9/jul-to-slf4j-2.0.9.jar:/Users/e1000son/.m2/repository/org/yaml/snakeyaml/1.33/snakeyaml-1.33.jar:/Users/e1000son/.m2/repository/org/thymeleaf/thymeleaf-spring6/3.1.2.RELEASE/thymeleaf-spring6-3.1.2.RELEASE.jar:/Users/e1000son/.m2/repository/org/thymeleaf/thymeleaf/3.1.2.RELEASE/thymeleaf-3.1.2.RELEASE.jar:/Users/e1000son/.m2/repository/org/attoparser/attoparser/2.0.7.RELEASE/attoparser-2.0.7.RELEASE.jar:/Users/e1000son/.m2/repository/org/unbescape/unbescape/1.1.6.RELEASE/unbescape-1.1.6.RELEASE.jar:/Users/e1000son/.m2/repository/org/springframework/boot/spring-boot-starter-web/3.1.5/spring-boot-starter-web-3.1.5.jar:/Users/e1000son/.m2/repository/org/springframework/boot/spring-boot-starter-json/3.1.5/spring-boot-starter-json-3.1.5.jar:/Users/e1000son/.m2/repository/com/fasterxml/jackson/core/jackson-databind/2.15.3/jackson-databind-2.15.3.jar:/Users/e1000son/.m2/repository/com/fasterxml/jackson/core/jackson-annotations/2.15.3/jackson-annotations-2.15.3.jar:/Users/e1000son/.m2/repository/com/fasterxml/jackson/core/jackson-core/2.15.3/jackson-core-2.15.3.jar:/Users/e1000son/.m2/repository/com/fasterxml/jackson/datatype/jackson-datatype-jdk8/2.15.3/jackson-datatype-jdk8-2.15.3.jar:/Users/e1000son/.m2/repository/com/fasterxml/jackson/datatype/jackson-datatype-jsr310/2.15.3/jackson-datatype-jsr310-2.15.3.jar:/Users/e1000son/.m2/repository/com/fasterxml/jackson/module/jackson-module-parameter-names/2.15.3/jackson-module-parameter-names-2.15.3.jar:/Users/e1000son/.m2/repository/org/springframework/boot/spring-boot-starter-tomcat/3.1.5/spring-boot-starter-tomcat-3.1.5.jar:/Users/e1000son/.m2/repository/org/apache/tomcat/embed/tomcat-embed-websocket/10.1.15/tomcat-embed-websocket-10.1.15.jar:/Users/e1000son/.m2/repository/org/springframework/spring-web/6.0.13/spring-web-6.0.13.jar:/Users/e1000son/.m2/repository/io/micrometer/micrometer-observation/1.11.5/micrometer-observation-1.11.5.jar:/Users/e1000son/.m2/repository/io/micrometer/micrometer-commons/1.11.5/micrometer-commons-1.11.5.jar:/Users/e1000son/.m2/repository/org/springframework/spring-webmvc/6.0.13/spring-webmvc-6.0.13.jar:/Users/e1000son/.m2/repository/org/springframework/spring-expression/6.0.13/spring-expression-6.0.13.jar:/Users/e1000son/.m2/repository/com/mysql/mysql-connector-j/8.0.33/mysql-connector-j-8.0.33.jar:/Users/e1000son/.m2/repository/org/springframework/boot/spring-boot-starter-test/3.1.5/spring-boot-starter-test-3.1.5.jar:/Users/e1000son/.m2/repository/org/springframework/boot/spring-boot-test/3.1.5/spring-boot-test-3.1.5.jar:/Users/e1000son/.m2/repository/org/springframework/boot/spring-boot-test-autoconfigure/3.1.5/spring-boot-test-autoconfigure-3.1.5.jar:/Users/e1000son/.m2/repository/com/jayway/jsonpath/json-path/2.8.0/json-path-2.8.0.jar:/Users/e1000son/.m2/repository/jakarta/xml/bind/jakarta.xml.bind-api/4.0.1/jakarta.xml.bind-api-4.0.1.jar:/Users/e1000son/.m2/repository/jakarta/activation/jakarta.activation-api/2.1.2/jakarta.activation-api-2.1.2.jar:/Users/e1000son/.m2/repository/net/minidev/json-smart/2.4.11/json-smart-2.4.11.jar:/Users/e1000son/.m2/repository/net/minidev/accessors-smart/2.4.11/accessors-smart-2.4.11.jar:/Users/e1000son/.m2/repository/org/ow2/asm/asm/9.3/asm-9.3.jar:/Users/e1000son/.m2/repository/org/assertj/assertj-core/3.24.2/assertj-core-3.24.2.jar:/Users/e1000son/.m2/repository/org/hamcrest/hamcrest/2.2/hamcrest-2.2.jar:/Users/e1000son/.m2/repository/org/junit/jupiter/junit-jupiter/5.9.3/junit-jupiter-5.9.3.jar:/Users/e1000son/.m2/repository/org/junit/jupiter/junit-jupiter-api/5.9.3/junit-jupiter-api-5.9.3.jar:/Users/e1000son/.m2/repository/org/opentest4j/opentest4j/1.2.0/opentest4j-1.2.0.jar:/Users/e1000son/.m2/repository/org/junit/platform/junit-platform-commons/1.9.3/junit-platform-commons-1.9.3.jar:/Users/e1000son/.m2/repository/org/apiguardian/apiguardian-api/1.1.2/apiguardian-api-1.1.2.jar:/Users/e1000son/.m2/repository/org/junit/jupiter/junit-jupiter-params/5.9.3/junit-jupiter-params-5.9.3.jar:/Users/e1000son/.m2/repository/org/junit/jupiter/junit-jupiter-engine/5.9.3/junit-jupiter-engine-5.9.3.jar:/Users/e1000son/.m2/repository/org/junit/platform/junit-platform-engine/1.9.3/junit-platform-engine-1.9.3.jar:/Users/e1000son/.m2/repository/org/mockito/mockito-core/5.3.1/mockito-core-5.3.1.jar:/Users/e1000son/.m2/repository/net/bytebuddy/byte-buddy-agent/1.14.9/byte-buddy-agent-1.14.9.jar:/Users/e1000son/.m2/repository/org/objenesis/objenesis/3.3/objenesis-3.3.jar:/Users/e1000son/.m2/repository/org/mockito/mockito-junit-jupiter/5.3.1/mockito-junit-jupiter-5.3.1.jar:/Users/e1000son/.m2/repository/org/skyscreamer/jsonassert/1.5.1/jsonassert-1.5.1.jar:/Users/e1000son/.m2/repository/com/vaadin/external/google/android-json/0.0.20131108.vaadin1/android-json-0.0.20131108.vaadin1.jar:/Users/e1000son/.m2/repository/org/springframework/spring-core/6.0.13/spring-core-6.0.13.jar:/Users/e1000son/.m2/repository/org/springframework/spring-jcl/6.0.13/spring-jcl-6.0.13.jar:/Users/e1000son/.m2/repository/org/springframework/spring-test/6.0.13/spring-test-6.0.13.jar:/Users/e1000son/.m2/repository/org/xmlunit/xmlunit-core/2.9.1/xmlunit-core-2.9.1.jar:/Users/e1000son/.m2/repository/jakarta/servlet/jsp/jstl/jakarta.servlet.jsp.jstl-api/3.0.0/jakarta.servlet.jsp.jstl-api-3.0.0.jar:/Users/e1000son/.m2/repository/jakarta/servlet/jakarta.servlet-api/6.0.0/jakarta.servlet-api-6.0.0.jar:/Users/e1000son/.m2/repository/jakarta/el/jakarta.el-api/5.0.0/jakarta.el-api-5.0.0.jar:/Users/e1000son/.m2/repository/org/eclipse/jetty/glassfish-jstl/11.0.17/glassfish-jstl-11.0.17.jar:/Users/e1000son/.m2/repository/org/glassfish/web/jakarta.servlet.jsp.jstl/3.0.1/jakarta.servlet.jsp.jstl-3.0.1.jar:/Users/e1000son/.m2/repository/org/apache/tomcat/embed/tomcat-embed-jasper/10.1.15/tomcat-embed-jasper-10.1.15.jar:/Users/e1000son/.m2/repository/org/apache/tomcat/embed/tomcat-embed-core/10.1.15/tomcat-embed-core-10.1.15.jar:/Users/e1000son/.m2/repository/org/apache/tomcat/tomcat-annotations-api/10.1.15/tomcat-annotations-api-10.1.15.jar:/Users/e1000son/.m2/repository/org/apache/tomcat/embed/tomcat-embed-el/10.1.15/tomcat-embed-el-10.1.15.jar:/Users/e1000son/.m2/repository/org/eclipse/jdt/ecj/3.33.0/ecj-3.33.0.jar:/Users/e1000son/.m2/repository/org/springframework/boot/spring-boot-starter-mail/3.1.5/spring-boot-starter-mail-3.1.5.jar:/Users/e1000son/.m2/repository/org/springframework/spring-context-support/6.0.13/spring-context-support-6.0.13.jar:/Users/e1000son/.m2/repository/org/eclipse/angus/jakarta.mail/1.1.0/jakarta.mail-1.1.0.jar:/Users/e1000son/.m2/repository/org/eclipse/angus/angus-activation/2.0.1/angus-activation-2.0.1.jar:/Users/e1000son/.m2/repository/org/jfree/jfreechart/1.5.4/jfreechart-1.5.4.jar:/Users/e1000son/.m2/repository/com/itextpdf/itextpdf/5.5.13.3/itextpdf-5.5.13.3.jar:"/>
    <property name="java.vm.vendor" value="Amazon.com Inc."/>
    <property name="sun.arch.data.model" value="64"/>
    <property name="java.vendor.url" value="https://aws.amazon.com/corretto/"/>
    <property name="user.timezone" value="Africa/Maputo"/>
    <property name="org.jboss.logging.provider" value="slf4j"/>
    <property name="os.name" value="Mac OS X"/>
    <property name="java.vm.specification.version" value="19"/>
    <property name="sun.java.launcher" value="SUN_STANDARD"/>
    <property name="user.country" value="US"/>
    <property name="sun.boot.library.path" value="/Users/e1000son/Library/Java/JavaVirtualMachines/corretto-19.0.2/Contents/Home/lib"/>
    <property name="sun.java.command" value="/Users/e1000son/Dropbox/Mine/03. Empresas/00. e1000son/01. 2023/Flight-Reservation-App/flight-reservation/target/surefire/surefirebooter-20240103114704410_3.jar /Users/e1000son/Dropbox/Mine/03. Empresas/00. e1000son/01. 2023/Flight-Reservation-App/flight-reservation/target/surefire 2024-01-03T11-47-04_204-jvmRun1 surefire-20240103114704410_1tmp surefire_0-20240103114704410_2tmp"/>
    <property name="http.nonProxyHosts" value="local|*.local|169.254/16|*.169.254/16"/>
    <property name="jdk.debug" value="release"/>
    <property name="surefire.test.class.path" value="/Users/e1000son/Dropbox/Mine/03. Empresas/00. e1000son/01. 2023/Flight-Reservation-App/flight-reservation/target/test-classes:/Users/e1000son/Dropbox/Mine/03. Empresas/00. e1000son/01. 2023/Flight-Reservation-App/flight-reservation/target/classes:/Users/e1000son/.m2/repository/org/springframework/boot/spring-boot-starter-data-jpa/3.1.5/spring-boot-starter-data-jpa-3.1.5.jar:/Users/e1000son/.m2/repository/org/springframework/boot/spring-boot-starter-aop/3.1.5/spring-boot-starter-aop-3.1.5.jar:/Users/e1000son/.m2/repository/org/springframework/spring-aop/6.0.13/spring-aop-6.0.13.jar:/Users/e1000son/.m2/repository/org/aspectj/aspectjweaver/1.9.20/aspectjweaver-1.9.20.jar:/Users/e1000son/.m2/repository/org/springframework/boot/spring-boot-starter-jdbc/3.1.5/spring-boot-starter-jdbc-3.1.5.jar:/Users/e1000son/.m2/repository/com/zaxxer/HikariCP/5.0.1/HikariCP-5.0.1.jar:/Users/e1000son/.m2/repository/org/springframework/spring-jdbc/6.0.13/spring-jdbc-6.0.13.jar:/Users/e1000son/.m2/repository/org/hibernate/orm/hibernate-core/6.2.13.Final/hibernate-core-6.2.13.Final.jar:/Users/e1000son/.m2/repository/jakarta/persistence/jakarta.persistence-api/3.1.0/jakarta.persistence-api-3.1.0.jar:/Users/e1000son/.m2/repository/jakarta/transaction/jakarta.transaction-api/2.0.1/jakarta.transaction-api-2.0.1.jar:/Users/e1000son/.m2/repository/org/jboss/logging/jboss-logging/3.5.3.Final/jboss-logging-3.5.3.Final.jar:/Users/e1000son/.m2/repository/org/hibernate/common/hibernate-commons-annotations/6.0.6.Final/hibernate-commons-annotations-6.0.6.Final.jar:/Users/e1000son/.m2/repository/io/smallrye/jandex/3.0.5/jandex-3.0.5.jar:/Users/e1000son/.m2/repository/com/fasterxml/classmate/1.5.1/classmate-1.5.1.jar:/Users/e1000son/.m2/repository/net/bytebuddy/byte-buddy/1.14.9/byte-buddy-1.14.9.jar:/Users/e1000son/.m2/repository/org/glassfish/jaxb/jaxb-runtime/4.0.3/jaxb-runtime-4.0.3.jar:/Users/e1000son/.m2/repository/org/glassfish/jaxb/jaxb-core/4.0.3/jaxb-core-4.0.3.jar:/Users/e1000son/.m2/repository/org/glassfish/jaxb/txw2/4.0.3/txw2-4.0.3.jar:/Users/e1000son/.m2/repository/com/sun/istack/istack-commons-runtime/4.1.2/istack-commons-runtime-4.1.2.jar:/Users/e1000son/.m2/repository/jakarta/inject/jakarta.inject-api/2.0.1/jakarta.inject-api-2.0.1.jar:/Users/e1000son/.m2/repository/org/antlr/antlr4-runtime/4.10.1/antlr4-runtime-4.10.1.jar:/Users/e1000son/.m2/repository/org/springframework/data/spring-data-jpa/3.1.5/spring-data-jpa-3.1.5.jar:/Users/e1000son/.m2/repository/org/springframework/data/spring-data-commons/3.1.5/spring-data-commons-3.1.5.jar:/Users/e1000son/.m2/repository/org/springframework/spring-orm/6.0.13/spring-orm-6.0.13.jar:/Users/e1000son/.m2/repository/org/springframework/spring-context/6.0.13/spring-context-6.0.13.jar:/Users/e1000son/.m2/repository/org/springframework/spring-tx/6.0.13/spring-tx-6.0.13.jar:/Users/e1000son/.m2/repository/org/springframework/spring-beans/6.0.13/spring-beans-6.0.13.jar:/Users/e1000son/.m2/repository/jakarta/annotation/jakarta.annotation-api/2.1.1/jakarta.annotation-api-2.1.1.jar:/Users/e1000son/.m2/repository/org/slf4j/slf4j-api/2.0.9/slf4j-api-2.0.9.jar:/Users/e1000son/.m2/repository/org/springframework/spring-aspects/6.0.13/spring-aspects-6.0.13.jar:/Users/e1000son/.m2/repository/org/springframework/boot/spring-boot-starter-thymeleaf/3.1.5/spring-boot-starter-thymeleaf-3.1.5.jar:/Users/e1000son/.m2/repository/org/springframework/boot/spring-boot-starter/3.1.5/spring-boot-starter-3.1.5.jar:/Users/e1000son/.m2/repository/org/springframework/boot/spring-boot/3.1.5/spring-boot-3.1.5.jar:/Users/e1000son/.m2/repository/org/springframework/boot/spring-boot-autoconfigure/3.1.5/spring-boot-autoconfigure-3.1.5.jar:/Users/e1000son/.m2/repository/org/springframework/boot/spring-boot-starter-logging/3.1.5/spring-boot-starter-logging-3.1.5.jar:/Users/e1000son/.m2/repository/ch/qos/logback/logback-classic/1.4.11/logback-classic-1.4.11.jar:/Users/e1000son/.m2/repository/ch/qos/logback/logback-core/1.4.11/logback-core-1.4.11.jar:/Users/e1000son/.m2/repository/org/apache/logging/log4j/log4j-to-slf4j/2.20.0/log4j-to-slf4j-2.20.0.jar:/Users/e1000son/.m2/repository/org/apache/logging/log4j/log4j-api/2.20.0/log4j-api-2.20.0.jar:/Users/e1000son/.m2/repository/org/slf4j/jul-to-slf4j/2.0.9/jul-to-slf4j-2.0.9.jar:/Users/e1000son/.m2/repository/org/yaml/snakeyaml/1.33/snakeyaml-1.33.jar:/Users/e1000son/.m2/repository/org/thymeleaf/thymeleaf-spring6/3.1.2.RELEASE/thymeleaf-spring6-3.1.2.RELEASE.jar:/Users/e1000son/.m2/repository/org/thymeleaf/thymeleaf/3.1.2.RELEASE/thymeleaf-3.1.2.RELEASE.jar:/Users/e1000son/.m2/repository/org/attoparser/attoparser/2.0.7.RELEASE/attoparser-2.0.7.RELEASE.jar:/Users/e1000son/.m2/repository/org/unbescape/unbescape/1.1.6.RELEASE/unbescape-1.1.6.RELEASE.jar:/Users/e1000son/.m2/repository/org/springframework/boot/spring-boot-starter-web/3.1.5/spring-boot-starter-web-3.1.5.jar:/Users/e1000son/.m2/repository/org/springframework/boot/spring-boot-starter-json/3.1.5/spring-boot-starter-json-3.1.5.jar:/Users/e1000son/.m2/repository/com/fasterxml/jackson/core/jackson-databind/2.15.3/jackson-databind-2.15.3.jar:/Users/e1000son/.m2/repository/com/fasterxml/jackson/core/jackson-annotations/2.15.3/jackson-annotations-2.15.3.jar:/Users/e1000son/.m2/repository/com/fasterxml/jackson/core/jackson-core/2.15.3/jackson-core-2.15.3.jar:/Users/e1000son/.m2/repository/com/fasterxml/jackson/datatype/jackson-datatype-jdk8/2.15.3/jackson-datatype-jdk8-2.15.3.jar:/Users/e1000son/.m2/repository/com/fasterxml/jackson/datatype/jackson-datatype-jsr310/2.15.3/jackson-datatype-jsr310-2.15.3.jar:/Users/e1000son/.m2/repository/com/fasterxml/jackson/module/jackson-module-parameter-names/2.15.3/jackson-module-parameter-names-2.15.3.jar:/Users/e1000son/.m2/repository/org/springframework/boot/spring-boot-starter-tomcat/3.1.5/spring-boot-starter-tomcat-3.1.5.jar:/Users/e1000son/.m2/repository/org/apache/tomcat/embed/tomcat-embed-websocket/10.1.15/tomcat-embed-websocket-10.1.15.jar:/Users/e1000son/.m2/repository/org/springframework/spring-web/6.0.13/spring-web-6.0.13.jar:/Users/e1000son/.m2/repository/io/micrometer/micrometer-observation/1.11.5/micrometer-observation-1.11.5.jar:/Users/e1000son/.m2/repository/io/micrometer/micrometer-commons/1.11.5/micrometer-commons-1.11.5.jar:/Users/e1000son/.m2/repository/org/springframework/spring-webmvc/6.0.13/spring-webmvc-6.0.13.jar:/Users/e1000son/.m2/repository/org/springframework/spring-expression/6.0.13/spring-expression-6.0.13.jar:/Users/e1000son/.m2/repository/com/mysql/mysql-connector-j/8.0.33/mysql-connector-j-8.0.33.jar:/Users/e1000son/.m2/repository/org/springframework/boot/spring-boot-starter-test/3.1.5/spring-boot-starter-test-3.1.5.jar:/Users/e1000son/.m2/repository/org/springframework/boot/spring-boot-test/3.1.5/spring-boot-test-3.1.5.jar:/Users/e1000son/.m2/repository/org/springframework/boot/spring-boot-test-autoconfigure/3.1.5/spring-boot-test-autoconfigure-3.1.5.jar:/Users/e1000son/.m2/repository/com/jayway/jsonpath/json-path/2.8.0/json-path-2.8.0.jar:/Users/e1000son/.m2/repository/jakarta/xml/bind/jakarta.xml.bind-api/4.0.1/jakarta.xml.bind-api-4.0.1.jar:/Users/e1000son/.m2/repository/jakarta/activation/jakarta.activation-api/2.1.2/jakarta.activation-api-2.1.2.jar:/Users/e1000son/.m2/repository/net/minidev/json-smart/2.4.11/json-smart-2.4.11.jar:/Users/e1000son/.m2/repository/net/minidev/accessors-smart/2.4.11/accessors-smart-2.4.11.jar:/Users/e1000son/.m2/repository/org/ow2/asm/asm/9.3/asm-9.3.jar:/Users/e1000son/.m2/repository/org/assertj/assertj-core/3.24.2/assertj-core-3.24.2.jar:/Users/e1000son/.m2/repository/org/hamcrest/hamcrest/2.2/hamcrest-2.2.jar:/Users/e1000son/.m2/repository/org/junit/jupiter/junit-jupiter/5.9.3/junit-jupiter-5.9.3.jar:/Users/e1000son/.m2/repository/org/junit/jupiter/junit-jupiter-api/5.9.3/junit-jupiter-api-5.9.3.jar:/Users/e1000son/.m2/repository/org/opentest4j/opentest4j/1.2.0/opentest4j-1.2.0.jar:/Users/e1000son/.m2/repository/org/junit/platform/junit-platform-commons/1.9.3/junit-platform-commons-1.9.3.jar:/Users/e1000son/.m2/repository/org/apiguardian/apiguardian-api/1.1.2/apiguardian-api-1.1.2.jar:/Users/e1000son/.m2/repository/org/junit/jupiter/junit-jupiter-params/5.9.3/junit-jupiter-params-5.9.3.jar:/Users/e1000son/.m2/repository/org/junit/jupiter/junit-jupiter-engine/5.9.3/junit-jupiter-engine-5.9.3.jar:/Users/e1000son/.m2/repository/org/junit/platform/junit-platform-engine/1.9.3/junit-platform-engine-1.9.3.jar:/Users/e1000son/.m2/repository/org/mockito/mockito-core/5.3.1/mockito-core-5.3.1.jar:/Users/e1000son/.m2/repository/net/bytebuddy/byte-buddy-agent/1.14.9/byte-buddy-agent-1.14.9.jar:/Users/e1000son/.m2/repository/org/objenesis/objenesis/3.3/objenesis-3.3.jar:/Users/e1000son/.m2/repository/org/mockito/mockito-junit-jupiter/5.3.1/mockito-junit-jupiter-5.3.1.jar:/Users/e1000son/.m2/repository/org/skyscreamer/jsonassert/1.5.1/jsonassert-1.5.1.jar:/Users/e1000son/.m2/repository/com/vaadin/external/google/android-json/0.0.20131108.vaadin1/android-json-0.0.20131108.vaadin1.jar:/Users/e1000son/.m2/repository/org/springframework/spring-core/6.0.13/spring-core-6.0.13.jar:/Users/e1000son/.m2/repository/org/springframework/spring-jcl/6.0.13/spring-jcl-6.0.13.jar:/Users/e1000son/.m2/repository/org/springframework/spring-test/6.0.13/spring-test-6.0.13.jar:/Users/e1000son/.m2/repository/org/xmlunit/xmlunit-core/2.9.1/xmlunit-core-2.9.1.jar:/Users/e1000son/.m2/repository/jakarta/servlet/jsp/jstl/jakarta.servlet.jsp.jstl-api/3.0.0/jakarta.servlet.jsp.jstl-api-3.0.0.jar:/Users/e1000son/.m2/repository/jakarta/servlet/jakarta.servlet-api/6.0.0/jakarta.servlet-api-6.0.0.jar:/Users/e1000son/.m2/repository/jakarta/el/jakarta.el-api/5.0.0/jakarta.el-api-5.0.0.jar:/Users/e1000son/.m2/repository/org/eclipse/jetty/glassfish-jstl/11.0.17/glassfish-jstl-11.0.17.jar:/Users/e1000son/.m2/repository/org/glassfish/web/jakarta.servlet.jsp.jstl/3.0.1/jakarta.servlet.jsp.jstl-3.0.1.jar:/Users/e1000son/.m2/repository/org/apache/tomcat/embed/tomcat-embed-jasper/10.1.15/tomcat-embed-jasper-10.1.15.jar:/Users/e1000son/.m2/repository/org/apache/tomcat/embed/tomcat-embed-core/10.1.15/tomcat-embed-core-10.1.15.jar:/Users/e1000son/.m2/repository/org/apache/tomcat/tomcat-annotations-api/10.1.15/tomcat-annotations-api-10.1.15.jar:/Users/e1000son/.m2/repository/org/apache/tomcat/embed/tomcat-embed-el/10.1.15/tomcat-embed-el-10.1.15.jar:/Users/e1000son/.m2/repository/org/eclipse/jdt/ecj/3.33.0/ecj-3.33.0.jar:/Users/e1000son/.m2/repository/org/springframework/boot/spring-boot-starter-mail/3.1.5/spring-boot-starter-mail-3.1.5.jar:/Users/e1000son/.m2/repository/org/springframework/spring-context-support/6.0.13/spring-context-support-6.0.13.jar:/Users/e1000son/.m2/repository/org/eclipse/angus/jakarta.mail/1.1.0/jakarta.mail-1.1.0.jar:/Users/e1000son/.m2/repository/org/eclipse/angus/angus-activation/2.0.1/angus-activation-2.0.1.jar:/Users/e1000son/.m2/repository/org/jfree/jfreechart/1.5.4/jfreechart-1.5.4.jar:/Users/e1000son/.m2/repository/com/itextpdf/itextpdf/5.5.13.3/itextpdf-5.5.13.3.jar:"/>
    <property name="sun.cpu.endian" value="little"/>
    <property name="user.home" value="/Users/e1000son"/>
    <property name="user.language" value="en"/>
    <property name="java.specification.vendor" value="Oracle Corporation"/>
    <property name="java.version.date" value="2023-01-17"/>
    <property name="java.home" value="/Users/e1000son/Library/Java/JavaVirtualMachines/corretto-19.0.2/Contents/Home"/>
    <property name="file.separator" value="/"/>
    <property name="basedir" value="/Users/e1000son/Dropbox/Mine/03. Empresas/00. e1000son/01. 2023/Flight-Reservation-App/flight-reservation"/>
    <property name="java.vm.compressedOopsMode" value="Zero based"/>
    <property name="line.separator" value="&#10;"/>
    <property name="java.vm.specification.vendor" value="Oracle Corporation"/>
    <property name="java.specification.name" value="Java Platform API Specification"/>
    <property name="FILE_LOG_CHARSET" value="UTF-8"/>
    <property name="java.awt.headless" value="true"/>
    <property name="apple.awt.application.name" value="ForkedBooter"/>
    <property name="surefire.real.class.path" value="/Users/e1000son/Dropbox/Mine/03. Empresas/00. e1000son/01. 2023/Flight-Reservation-App/flight-reservation/target/surefire/surefirebooter-20240103114704410_3.jar"/>
    <property name="sun.management.compiler" value="HotSpot 64-Bit Tiered Compilers"/>
    <property name="ftp.nonProxyHosts" value="local|*.local|169.254/16|*.169.254/16"/>
    <property name="java.runtime.version" value="19.0.2+7-FR"/>
    <property name="user.name" value="e1000son"/>
    <property name="stdout.encoding" value="UTF-8"/>
    <property name="path.separator" value=":"/>
    <property name="os.version" value="11.7.10"/>
    <property name="java.runtime.name" value="OpenJDK Runtime Environment"/>
    <property name="file.encoding" value="UTF-8"/>
    <property name="java.vm.name" value="OpenJDK 64-Bit Server VM"/>
    <property name="java.vendor.version" value="Corretto-19.0.2.7.1"/>
    <property name="localRepository" value="/Users/e1000son/.m2/repository"/>
    <property name="java.vendor.url.bug" value="https://github.com/corretto/corretto-19/issues/"/>
    <property name="java.io.tmpdir" value="/var/folders/3s/rzzct7314pn35gtc4yqs4hmm0000gn/T/"/>
    <property name="idea.version" value="2023.2.2"/>
    <property name="com.zaxxer.hikari.pool_number" value="1"/>
    <property name="java.version" value="19.0.2"/>
    <property name="user.dir" value="/Users/e1000son/Dropbox/Mine/03. Empresas/00. e1000son/01. 2023/Flight-Reservation-App/flight-reservation"/>
    <property name="os.arch" value="x86_64"/>
    <property name="java.vm.specification.name" value="Java Virtual Machine Specification"/>
    <property name="PID" value="2149"/>
    <property name="CONSOLE_LOG_CHARSET" value="UTF-8"/>
    <property name="native.encoding" value="UTF-8"/>
    <property name="java.library.path" value="/Users/e1000son/Library/Java/Extensions:/Library/Java/Extensions:/Network/Library/Java/Extensions:/System/Library/Java/Extensions:/usr/lib/java:."/>
    <property name="java.vm.info" value="mixed mode, sharing"/>
    <property name="stderr.encoding" value="UTF-8"/>
    <property name="java.vendor" value="Amazon.com Inc."/>
    <property name="java.vm.version" value="19.0.2+7-FR"/>
    <property name="sun.io.unicode.encoding" value="UnicodeBig"/>
    <property name="socksNonProxyHosts" value="local|*.local|169.254/16|*.169.254/16"/>
    <property name="java.class.version" value="63.0"/>
  </properties>
  <testcase name="contextLoads" classname="com.e1000son.flightreservation.FlightReservationApplicationTests" time="0.956">
    <system-out><![CDATA[11:47:05,967 |-INFO in ch.qos.logback.classic.LoggerContext[default] - This is logback-classic version 1.4.11
11:47:05,974 |-INFO in ch.qos.logback.classic.util.ContextInitializer@7283d3eb - Here is a list of configurators discovered as a service, by rank: 
11:47:05,974 |-INFO in ch.qos.logback.classic.util.ContextInitializer@7283d3eb -   org.springframework.boot.logging.logback.RootLogLevelConfigurator
11:47:05,974 |-INFO in ch.qos.logback.classic.util.ContextInitializer@7283d3eb - They will be invoked in order until ExecutionStatus.DO_NOT_INVOKE_NEXT_IF_ANY is returned.
11:47:05,974 |-INFO in ch.qos.logback.classic.util.ContextInitializer@7283d3eb - Constructed configurator of type class org.springframework.boot.logging.logback.RootLogLevelConfigurator
11:47:05,990 |-INFO in ch.qos.logback.classic.util.ContextInitializer@7283d3eb - org.springframework.boot.logging.logback.RootLogLevelConfigurator.configure() call lasted 0 milliseconds. ExecutionStatus=INVOKE_NEXT_IF_ANY
11:47:05,990 |-INFO in ch.qos.logback.classic.util.ContextInitializer@7283d3eb - Trying to configure with ch.qos.logback.classic.joran.SerializedModelConfigurator
11:47:05,991 |-INFO in ch.qos.logback.classic.util.ContextInitializer@7283d3eb - Constructed configurator of type class ch.qos.logback.classic.joran.SerializedModelConfigurator
11:47:06,023 |-INFO in ch.qos.logback.classic.LoggerContext[default] - Could NOT find resource [logback-test.scmo]
11:47:06,023 |-INFO in ch.qos.logback.classic.LoggerContext[default] - Could NOT find resource [logback.scmo]
11:47:06,023 |-INFO in ch.qos.logback.classic.util.ContextInitializer@7283d3eb - ch.qos.logback.classic.joran.SerializedModelConfigurator.configure() call lasted 32 milliseconds. ExecutionStatus=INVOKE_NEXT_IF_ANY
11:47:06,023 |-INFO in ch.qos.logback.classic.util.ContextInitializer@7283d3eb - Trying to configure with ch.qos.logback.classic.util.DefaultJoranConfigurator
11:47:06,024 |-INFO in ch.qos.logback.classic.util.ContextInitializer@7283d3eb - Constructed configurator of type class ch.qos.logback.classic.util.DefaultJoranConfigurator
11:47:06,025 |-INFO in ch.qos.logback.classic.LoggerContext[default] - Could NOT find resource [logback-test.xml]
11:47:06,031 |-INFO in ch.qos.logback.classic.LoggerContext[default] - Found resource [logback.xml] at [file:/Users/e1000son/Dropbox/Mine/03.%20Empresas/00.%20e1000son/01.%202023/Flight-Reservation-App/flight-reservation/target/classes/logback.xml]
11:47:06,215 |-INFO in ch.qos.logback.core.model.processor.AppenderModelHandler - Processing appender named [FILE]
11:47:06,215 |-INFO in ch.qos.logback.core.model.processor.AppenderModelHandler - About to instantiate appender of type [ch.qos.logback.core.rolling.RollingFileAppender]
11:47:06,288 |-INFO in c.q.l.core.rolling.TimeBasedRollingPolicy@1670313965 - No compression will be used
11:47:06,290 |-INFO in c.q.l.core.rolling.TimeBasedRollingPolicy@1670313965 - Will use the pattern /Users/e1000son/Dropbox/Mine/03. Empresas/00. e1000son/01. 2023/Flight-Reservation-App/flight-reservation/logs/archived/flightreservation.%d{yyyy-MM-dd}.%i.log for the active file
11:47:06,336 |-INFO in ch.qos.logback.core.rolling.SizeAndTimeBasedFNATP@4bff7da0 - The date pattern is 'yyyy-MM-dd' from file name pattern '/Users/e1000son/Dropbox/Mine/03. Empresas/00. e1000son/01. 2023/Flight-Reservation-App/flight-reservation/logs/archived/flightreservation.%d{yyyy-MM-dd}.%i.log'.
11:47:06,336 |-INFO in ch.qos.logback.core.rolling.SizeAndTimeBasedFNATP@4bff7da0 - Roll-over at midnight.
11:47:06,351 |-INFO in ch.qos.logback.core.rolling.SizeAndTimeBasedFNATP@4bff7da0 - Setting initial period to 2024-01-03T09:45:59.739Z
11:47:06,351 |-WARN in ch.qos.logback.core.rolling.SizeAndTimeBasedFNATP@4bff7da0 - SizeAndTimeBasedFNATP is deprecated. Use SizeAndTimeBasedRollingPolicy instead
11:47:06,351 |-WARN in ch.qos.logback.core.rolling.SizeAndTimeBasedFNATP@4bff7da0 - For more information see http://logback.qos.ch/manual/appenders.html#SizeAndTimeBasedRollingPolicy
11:47:06,360 |-INFO in ch.qos.logback.core.rolling.RollingFileAppender[FILE] - Active log file name: /Users/e1000son/Dropbox/Mine/03. Empresas/00. e1000son/01. 2023/Flight-Reservation-App/flight-reservation/logs/flightreservation.log
11:47:06,361 |-INFO in ch.qos.logback.core.rolling.RollingFileAppender[FILE] - File property is set to [/Users/e1000son/Dropbox/Mine/03. Empresas/00. e1000son/01. 2023/Flight-Reservation-App/flight-reservation/logs/flightreservation.log]
11:47:06,364 |-INFO in ch.qos.logback.classic.model.processor.RootLoggerModelHandler - Setting level of ROOT logger to INFO
11:47:06,365 |-INFO in ch.qos.logback.core.model.processor.AppenderRefModelHandler - Attaching appender named [FILE] to Logger[ROOT]
11:47:06,366 |-INFO in ch.qos.logback.core.model.processor.DefaultProcessor@3f1d2e23 - End of configuration.
11:47:06,367 |-INFO in ch.qos.logback.classic.joran.JoranConfigurator@536dbea0 - Registering current configuration as safe fallback point
11:47:06,367 |-INFO in ch.qos.logback.classic.util.ContextInitializer@7283d3eb - ch.qos.logback.classic.util.DefaultJoranConfigurator.configure() call lasted 343 milliseconds. ExecutionStatus=DO_NOT_INVOKE_NEXT_IF_ANY

11:47:07,430 |-INFO in ch.qos.logback.core.model.processor.AppenderModelHandler - Processing appender named [FILE]
11:47:07,430 |-INFO in ch.qos.logback.core.model.processor.AppenderModelHandler - About to instantiate appender of type [ch.qos.logback.core.rolling.RollingFileAppender]
11:47:07,433 |-INFO in c.q.l.core.rolling.TimeBasedRollingPolicy@623131585 - No compression will be used
11:47:07,434 |-INFO in c.q.l.core.rolling.TimeBasedRollingPolicy@623131585 - Will use the pattern /Users/e1000son/Dropbox/Mine/03. Empresas/00. e1000son/01. 2023/Flight-Reservation-App/flight-reservation/logs/archived/flightreservation.%d{yyyy-MM-dd}.%i.log for the active file
11:47:07,437 |-INFO in ch.qos.logback.core.rolling.SizeAndTimeBasedFNATP@1e287667 - The date pattern is 'yyyy-MM-dd' from file name pattern '/Users/e1000son/Dropbox/Mine/03. Empresas/00. e1000son/01. 2023/Flight-Reservation-App/flight-reservation/logs/archived/flightreservation.%d{yyyy-MM-dd}.%i.log'.
11:47:07,437 |-INFO in ch.qos.logback.core.rolling.SizeAndTimeBasedFNATP@1e287667 - Roll-over at midnight.
11:47:07,437 |-INFO in ch.qos.logback.core.rolling.SizeAndTimeBasedFNATP@1e287667 - Setting initial period to 2024-01-03T09:47:06.758Z
11:47:07,437 |-WARN in ch.qos.logback.core.rolling.SizeAndTimeBasedFNATP@1e287667 - SizeAndTimeBasedFNATP is deprecated. Use SizeAndTimeBasedRollingPolicy instead
11:47:07,437 |-WARN in ch.qos.logback.core.rolling.SizeAndTimeBasedFNATP@1e287667 - For more information see http://logback.qos.ch/manual/appenders.html#SizeAndTimeBasedRollingPolicy
11:47:07,438 |-INFO in ch.qos.logback.core.rolling.RollingFileAppender[FILE] - Active log file name: /Users/e1000son/Dropbox/Mine/03. Empresas/00. e1000son/01. 2023/Flight-Reservation-App/flight-reservation/logs/flightreservation.log
11:47:07,438 |-INFO in ch.qos.logback.core.rolling.RollingFileAppender[FILE] - File property is set to [/Users/e1000son/Dropbox/Mine/03. Empresas/00. e1000son/01. 2023/Flight-Reservation-App/flight-reservation/logs/flightreservation.log]
11:47:07,438 |-INFO in ch.qos.logback.classic.model.processor.RootLoggerModelHandler - Setting level of ROOT logger to INFO
11:47:07,438 |-INFO in ch.qos.logback.classic.jul.LevelChangePropagator@2e6ee0bc - Propagating INFO level on Logger[ROOT] onto the JUL framework
11:47:07,439 |-INFO in ch.qos.logback.core.model.processor.AppenderRefModelHandler - Attaching appender named [FILE] to Logger[ROOT]
11:47:07,439 |-INFO in ch.qos.logback.core.model.processor.DefaultProcessor@4201a617 - End of configuration.
11:47:07,439 |-INFO in org.springframework.boot.logging.logback.SpringBootJoranConfigurator@467f77a5 - Registering current configuration as safe fallback point


  .   ____          _            __ _ _
 /\\ / ___'_ __ _ _(_)_ __  __ _ \ \ \ \
( ( )\___ | '_ | '_| | '_ \/ _` | \ \ \ \
 \\/  ___)| |_)| | | | | || (_| |  ) ) ) )
  '  |____| .__|_| |_|_| |_\__, | / / / /
 =========|_|==============|___/=/_/_/_/
 :: Spring Boot ::                (v3.1.5)

]]></system-out>
  </testcase>
</testsuite>